\BOOKMARK [1][-]{section.1}{\376\377\000I\000n\000t\000r\000o\000d\000u\000c\000t\000i\000o\000n}{}% 1
\BOOKMARK [1][-]{section.2}{\376\377\000R\000i\000d\000e\000s\000h\000a\000r\000i\000n\000g}{}% 2
\BOOKMARK [2][-]{subsection.2.1}{\376\377\000A\000r\000c\000h\000i\000t\000e\000c\000t\000u\000r\000e}{section.2}% 3
\BOOKMARK [2][-]{subsection.2.2}{\376\377\000P\000r\000o\000b\000l\000e\000m\000\040\000S\000c\000o\000p\000e\000s}{section.2}% 4
\BOOKMARK [1][-]{section.3}{\376\377\000R\000e\000i\000n\000f\000o\000r\000c\000e\000m\000e\000n\000t\000\040\000L\000e\000a\000r\000n\000i\000n\000g}{}% 5
\BOOKMARK [2][-]{subsection.3.1}{\376\377\000B\000a\000s\000i\000c\000s}{section.3}% 6
\BOOKMARK [2][-]{subsection.3.2}{\376\377\000A\000l\000g\000o\000r\000i\000t\000h\000m\000s}{section.3}% 7
\BOOKMARK [2][-]{subsection.3.3}{\376\377\000A\000p\000p\000r\000o\000x\000i\000m\000a\000t\000e\000\040\000D\000y\000n\000a\000m\000i\000c\000\040\000P\000r\000o\000g\000r\000a\000m\000m\000i\000n\000g}{section.3}% 8
\BOOKMARK [1][-]{section.4}{\376\377\000R\000e\000i\000n\000f\000o\000r\000c\000e\000m\000e\000n\000t\000\040\000L\000e\000a\000r\000n\000i\000n\000g\000\040\000f\000o\000r\000\040\000R\000i\000d\000e\000s\000h\000a\000r\000i\000n\000g}{}% 9
\BOOKMARK [2][-]{subsection.4.1}{\376\377\000P\000r\000i\000c\000i\000n\000g}{section.4}% 10
\BOOKMARK [2][-]{subsection.4.2}{\376\377\000O\000n\000l\000i\000n\000e\000\040\000M\000a\000t\000c\000h\000i\000n\000g}{section.4}% 11
\BOOKMARK [2][-]{subsection.4.3}{\376\377\000V\000e\000h\000i\000c\000l\000e\000\040\000R\000e\000p\000o\000s\000i\000t\000i\000o\000n\000i\000n\000g}{section.4}% 12
\BOOKMARK [2][-]{subsection.4.4}{\376\377\000R\000o\000u\000t\000e\000\040\000G\000u\000i\000d\000a\000n\000c\000e\000\040\000\050\000N\000a\000v\000i\000g\000a\000t\000i\000o\000n\000\051}{section.4}% 13
\BOOKMARK [2][-]{subsection.4.5}{\376\377\000R\000i\000d\000e\000-\000p\000o\000o\000l\000i\000n\000g\000\040\000\050\000C\000a\000r\000p\000o\000o\000l\000\051}{section.4}% 14
\BOOKMARK [2][-]{subsection.4.6}{\376\377\000V\000e\000h\000i\000c\000l\000e\000\040\000R\000o\000u\000t\000i\000n\000g\000\040\000P\000r\000o\000b\000l\000e\000m\000\040\000\050\000V\000R\000P\000\051}{section.4}% 15
\BOOKMARK [2][-]{subsection.4.7}{\376\377\000D\000a\000t\000a\000\040\000S\000e\000t\000s\000\040\000\046\000\040\000E\000n\000v\000i\000r\000o\000n\000m\000e\000n\000t\000s}{section.4}% 16
\BOOKMARK [1][-]{section.5}{\376\377\000C\000h\000a\000l\000l\000e\000n\000g\000e\000s\000\040\000a\000n\000d\000\040\000O\000p\000p\000o\000r\000t\000u\000n\000i\000t\000i\000e\000s}{}% 17
\BOOKMARK [2][-]{subsection.5.1}{\376\377\000R\000i\000d\000e\000-\000p\000o\000o\000l\000i\000n\000g}{section.5}% 18
\BOOKMARK [2][-]{subsection.5.2}{\376\377\000J\000o\000i\000n\000t\000\040\000O\000p\000t\000i\000m\000i\000z\000a\000t\000i\000o\000n}{section.5}% 19
\BOOKMARK [2][-]{subsection.5.3}{\376\377\000H\000e\000t\000e\000r\000o\000g\000e\000n\000e\000o\000u\000s\000\040\000F\000l\000e\000e\000t}{section.5}% 20
\BOOKMARK [2][-]{subsection.5.4}{\376\377\000S\000i\000m\000u\000l\000a\000t\000i\000o\000n\000\040\000\046\000\040\000S\000i\000m\0002\000R\000e\000a\000l}{section.5}% 21
\BOOKMARK [2][-]{subsection.5.5}{\376\377\000H\000u\000m\000a\000n\000\040\000B\000e\000h\000a\000v\000i\000o\000r}{section.5}% 22
\BOOKMARK [2][-]{subsection.5.6}{\376\377\000N\000o\000n\000-\000s\000t\000a\000t\000i\000o\000n\000a\000r\000i\000t\000y}{section.5}% 23
\BOOKMARK [2][-]{subsection.5.7}{\376\377\000B\000u\000s\000i\000n\000e\000s\000s\000\040\000S\000t\000r\000a\000t\000e\000g\000i\000e\000s}{section.5}% 24
\BOOKMARK [2][-]{subsection.5.8}{\376\377\000G\000e\000n\000e\000r\000a\000l\000\040\000R\000L}{section.5}% 25
\BOOKMARK [1][-]{section.6}{\376\377\000C\000l\000o\000s\000i\000n\000g\000\040\000R\000e\000m\000a\000r\000k\000s}{}% 26
