\BOOKMARK [1][-]{section.1}{\376\377\000I\000n\000t\000r\000o\000d\000u\000c\000t\000i\000o\000n}{}% 1
\BOOKMARK [1][-]{section.2}{\376\377\000R\000e\000l\000a\000t\000e\000d\000\040\000W\000o\000r\000k}{}% 2
\BOOKMARK [2][-]{subsection.2.1}{\376\377\000S\000o\000f\000t\000\040\000u\000n\000d\000e\000r\000w\000a\000t\000e\000r\000\040\000r\000o\000b\000o\000t\000s}{section.2}% 3
\BOOKMARK [2][-]{subsection.2.2}{\376\377\000D\000i\000f\000f\000e\000r\000e\000n\000t\000i\000a\000b\000l\000e\000\040\000s\000o\000f\000t\000-\000b\000o\000d\000y\000\040\000s\000i\000m\000u\000l\000a\000t\000o\000r\000s}{section.2}% 4
\BOOKMARK [2][-]{subsection.2.3}{\376\377\000H\000y\000d\000r\000o\000d\000y\000n\000a\000m\000i\000c\000\040\000S\000u\000r\000r\000o\000g\000a\000t\000e\000s}{section.2}% 5
\BOOKMARK [1][-]{section.3}{\376\377\000S\000y\000s\000t\000e\000m\000\040\000O\000v\000e\000r\000v\000i\000e\000w}{}% 6
\BOOKMARK [1][-]{section.4}{\376\377\000P\000h\000y\000s\000i\000c\000a\000l\000\040\000M\000o\000d\000e\000l\000i\000n\000g}{}% 7
\BOOKMARK [2][-]{subsection.4.1}{\376\377\000S\000o\000l\000i\000d\000\040\000m\000e\000c\000h\000a\000n\000i\000c\000s}{section.4}% 8
\BOOKMARK [2][-]{subsection.4.2}{\376\377\000H\000y\000d\000r\000o\000d\000y\000n\000a\000m\000i\000c\000s}{section.4}% 9
\BOOKMARK [2][-]{subsection.4.3}{\376\377\000S\000i\000m\000u\000l\000a\000t\000i\000o\000n}{section.4}% 10
\BOOKMARK [3][-]{subsubsection.4.3.1}{\376\377\000D\000i\000s\000c\000r\000e\000t\000i\000z\000a\000t\000i\000o\000n}{subsection.4.3}% 11
\BOOKMARK [3][-]{subsubsection.4.3.2}{\376\377\000S\000o\000l\000v\000e\000r}{subsection.4.3}% 12
\BOOKMARK [1][-]{section.5}{\376\377\000E\000x\000p\000e\000r\000i\000m\000e\000n\000t\000a\000l\000\040\000S\000e\000t\000u\000p}{}% 13
\BOOKMARK [1][-]{section.6}{\376\377\000S\000y\000s\000t\000e\000m\000\040\000I\000d\000e\000n\000t\000i\000f\000i\000c\000a\000t\000i\000o\000n}{}% 14
\BOOKMARK [2][-]{subsection.6.1}{\376\377\000L\000e\000a\000r\000n\000i\000n\000g\000\040\000M\000a\000t\000e\000r\000i\000a\000l\000\040\000P\000a\000r\000a\000m\000e\000t\000e\000r\000s}{section.6}% 15
\BOOKMARK [2][-]{subsection.6.2}{\376\377\000L\000e\000a\000r\000n\000i\000n\000g\000\040\000H\000y\000d\000r\000o\000d\000y\000n\000a\000m\000i\000c\000s}{section.6}% 16
\BOOKMARK [1][-]{section.7}{\376\377\000R\000e\000s\000u\000l\000t\000s}{}% 17
\BOOKMARK [2][-]{subsection.7.1}{\376\377\000L\000e\000a\000r\000n\000e\000d\000\040\000M\000a\000t\000e\000r\000i\000a\000l\000\040\000P\000a\000r\000a\000m\000e\000t\000e\000r\000s}{section.7}% 18
\BOOKMARK [2][-]{subsection.7.2}{\376\377\000G\000r\000a\000d\000i\000e\000n\000t\000-\000b\000a\000s\000e\000d\000\040\000a\000n\000d\000\040\000G\000r\000a\000d\000i\000e\000n\000t\000-\000f\000r\000e\000e\000\040\000S\000o\000l\000v\000e\000r\000\040\000M\000e\000t\000h\000o\000d\000s}{section.7}% 19
\BOOKMARK [2][-]{subsection.7.3}{\376\377\000D\000y\000n\000a\000m\000i\000c\000\040\000E\000x\000p\000e\000r\000i\000m\000e\000n\000t\000s}{section.7}% 20
\BOOKMARK [2][-]{subsection.7.4}{\376\377\000L\000e\000a\000r\000n\000e\000d\000\040\000H\000y\000d\000r\000o\000d\000y\000n\000a\000m\000i\000c\000s}{section.7}% 21
\BOOKMARK [1][-]{section.8}{\376\377\000C\000o\000n\000c\000l\000u\000s\000i\000o\000n}{}% 22
\BOOKMARK [1][-]{section.9}{\376\377\000A\000p\000p\000e\000n\000d\000i\000x}{}% 23
\BOOKMARK [2][-]{subsection.9.1}{\376\377\000L\000a\000r\000g\000e\000\040\000A\000m\000p\000l\000i\000t\000u\000d\000e\000\040\000E\000l\000o\000n\000g\000a\000t\000e\000d\000-\000B\000o\000d\000y\000\040\000T\000h\000e\000o\000r\000y}{section.9}% 24
\BOOKMARK [2][-]{subsection.9.2}{\376\377\000L\000o\000a\000d\000\040\000C\000e\000l\000l\000\040\000M\000e\000a\000s\000u\000r\000e\000m\000e\000n\000t\000\040\000D\000y\000n\000a\000m\000i\000c\000s}{section.9}% 25
\BOOKMARK [1][-]{section*.1}{\376\377\000R\000e\000f\000e\000r\000e\000n\000c\000e\000s}{}% 26
