\BOOKMARK [1][-]{section.1}{\376\377\000I\000n\000t\000r\000o\000d\000u\000c\000t\000i\000o\000n}{}% 1
\BOOKMARK [1][-]{section.2}{\376\377\000P\000r\000o\000b\000l\000e\000m\000\040\000D\000e\000f\000i\000n\000i\000t\000i\000o\000n}{}% 2
\BOOKMARK [1][-]{section.3}{\376\377\000V\000a\000r\000i\000a\000n\000c\000e\000-\000A\000d\000a\000p\000t\000i\000v\000e\000\040\000L\000i\000n\000e\000a\000r\000\040\000B\000a\000n\000d\000i\000t\000s}{}% 3
\BOOKMARK [2][-]{subsection.3.1}{\376\377\000P\000r\000o\000o\000f\000\040\000o\000f\000\040\000T\000h\000e\000o\000r\000e\000m\000\040\0001}{section.3}% 4
\BOOKMARK [1][-]{section.4}{\376\377\000L\000i\000n\000e\000a\000r\000\040\000M\000i\000x\000t\000u\000r\000e\000\040\000M\000D\000P}{}% 5
\BOOKMARK [2][-]{subsection.4.1}{\376\377\000P\000r\000o\000o\000f\000\040\000o\000f\000\040\000T\000h\000e\000o\000r\000e\000m\000\040\0002}{section.4}% 6
\BOOKMARK [1][-]{section.5}{\376\377\000C\000o\000n\000c\000l\000u\000s\000i\000o\000n}{}% 7
\BOOKMARK [0][-]{part.1}{\376\377\000\040\000A\000p\000p\000e\000n\000d\000i\000x}{}% 8
\BOOKMARK [1][-]{appendix.A}{\376\377\000P\000r\000o\000o\000f\000s\000\040\000f\000o\000r\000\040\000V\000O\000F\000U\000L\0002}{part.1}% 9
\BOOKMARK [2][-]{subsection.A.1}{\376\377\000P\000r\000o\000o\000f\000\040\000o\000f\000\040\000L\000e\000m\000m\000a\000\040\0004}{appendix.A}% 10
\BOOKMARK [2][-]{subsection.A.2}{\376\377\000P\000r\000o\000o\000f\000\040\000o\000f\000\040\000L\000e\000m\000m\000a\000\040\0001}{appendix.A}% 11
\BOOKMARK [2][-]{subsection.A.3}{\376\377\000P\000r\000o\000o\000f\000\040\000o\000f\000\040\000L\000e\000m\000m\000a\000\040\0003}{appendix.A}% 12
\BOOKMARK [2][-]{subsection.A.4}{\376\377\000d\000K\000\040\000r\000e\000g\000r\000e\000t\000\040\000b\000o\000u\000n\000d\000\040\000o\000f\000\040\000V\000O\000F\000U\000L\0002}{appendix.A}% 13
\BOOKMARK [2][-]{subsection.A.5}{\376\377\000M\000i\000s\000c\000e\000l\000l\000a\000n\000e\000o\000u\000s\000\040\000L\000e\000m\000m\000a\000s}{appendix.A}% 14
\BOOKMARK [1][-]{appendix.B}{\376\377\000P\000r\000o\000o\000f\000s\000\040\000f\000o\000r\000\040\000V\000A\000R\000L\000i\000n\0002}{part.1}% 15
\BOOKMARK [2][-]{subsection.B.1}{\376\377\000P\000r\000o\000o\000f\000\040\000o\000f\000\040\000L\000e\000m\000m\000a\000\040\0006}{appendix.B}% 16
\BOOKMARK [2][-]{subsection.B.2}{\376\377\000P\000r\000o\000o\000f\000\040\000o\000f\000\040\000L\000e\000m\000m\000a\000\040\0005\000\040}{appendix.B}% 17
\BOOKMARK [2][-]{subsection.B.3}{\376\377\000P\000r\000o\000o\000f\000\040\000o\000f\000\040\000L\000e\000m\000m\000a\000\040\0007}{appendix.B}% 18
\BOOKMARK [2][-]{subsection.B.4}{\376\377\000P\000r\000o\000o\000f\000\040\000o\000f\000\040\000L\000e\000m\000m\000a\000\040\0008}{appendix.B}% 19
\BOOKMARK [2][-]{subsection.B.5}{\376\377\000T\000h\000e\000\040\000E\000x\000a\000c\000t\000\040\000D\000e\000f\000i\000n\000i\000t\000i\000o\000n\000\040\000o\000f\000\040\000I\000k\000,\000h\000\040\000a\000n\000d\000\040\000P\000r\000o\000o\000f\000\040\000o\000f\000\040\000L\000e\000m\000m\000a\000\040\0009}{appendix.B}% 20
\BOOKMARK [2][-]{subsection.B.6}{\376\377\000P\000r\000o\000o\000f\000\040\000o\000f\000\040\000P\000r\000o\000p\000o\000s\000i\000t\000i\000o\000n\000\040\000\040\0001}{appendix.B}% 21
\BOOKMARK [2][-]{subsection.B.7}{\376\377\000P\000r\000o\000o\000f\000\040\000o\000f\000\040\000T\000h\000e\000o\000r\000e\000m\000\040\0002}{appendix.B}% 22
\BOOKMARK [2][-]{subsection.B.8}{\376\377\000M\000i\000s\000c\000e\000l\000l\000a\000n\000e\000o\000u\000s\000\040\000l\000e\000m\000m\000a\000s}{appendix.B}% 23
\BOOKMARK [1][-]{appendix.C}{\376\377\000C\000o\000m\000p\000a\000r\000i\000s\000o\000n\000\040\000w\000i\000t\000h\000\040\000h\000e\0002\0000\0002\0001\000l\000o\000g\000a\000r\000i\000t\000h\000m\000i\000c}{part.1}% 24
